{"/Users/mikkatully/Desktop/work/howlerFEC/altitude-apparel/config.js": {"path":"/Users/mikkatully/Desktop/work/howlerFEC/altitude-apparel/config.js","statementMap":{"0":{"start":{"line":1,"column":0},"end":{"line":3,"column":2}}},"fnMap":{},"branchMap":{},"s":{"0":3},"f":{},"b":{},"_coverageSchema":"1a1c01bbd47fc00a2c39e90264f33305004495a9","hash":"b222ad0798bca16e5adc7bc0d4f7287e404e1e4b"}
,"/Users/mikkatully/Desktop/work/howlerFEC/altitude-apparel/helpers/sendAPIRequest.js": {"path":"/Users/mikkatully/Desktop/work/howlerFEC/altitude-apparel/helpers/sendAPIRequest.js","statementMap":{"0":{"start":{"line":1,"column":14},"end":{"line":1,"column":30}},"1":{"start":{"line":2,"column":15},"end":{"line":2,"column":38}},"2":{"start":{"line":4,"column":23},"end":{"line":24,"column":1}},"3":{"start":{"line":6,"column":18},"end":{"line":15,"column":3}},"4":{"start":{"line":17,"column":2},"end":{"line":23,"column":9}},"5":{"start":{"line":19,"column":8},"end":{"line":19,"column":38}},"6":{"start":{"line":22,"column":8},"end":{"line":22,"column":28}},"7":{"start":{"line":26,"column":0},"end":{"line":26,"column":47}}},"fnMap":{"0":{"name":"(anonymous_0)","decl":{"start":{"line":4,"column":23},"end":{"line":4,"column":24}},"loc":{"start":{"line":4,"column":71},"end":{"line":24,"column":1}},"line":4},"1":{"name":"(anonymous_1)","decl":{"start":{"line":18,"column":12},"end":{"line":18,"column":13}},"loc":{"start":{"line":18,"column":26},"end":{"line":20,"column":7}},"line":18},"2":{"name":"(anonymous_2)","decl":{"start":{"line":21,"column":13},"end":{"line":21,"column":14}},"loc":{"start":{"line":21,"column":22},"end":{"line":23,"column":7}},"line":21}},"branchMap":{},"s":{"0":3,"1":3,"2":3,"3":6,"4":6,"5":6,"6":0,"7":3},"f":{"0":6,"1":6,"2":0},"b":{},"_coverageSchema":"1a1c01bbd47fc00a2c39e90264f33305004495a9","hash":"5b6c7fb4197693053611876d24368089aada7c54"}
,"/Users/mikkatully/Desktop/work/howlerFEC/altitude-apparel/server/server.js": {"path":"/Users/mikkatully/Desktop/work/howlerFEC/altitude-apparel/server/server.js","statementMap":{"0":{"start":{"line":1,"column":16},"end":{"line":1,"column":34}},"1":{"start":{"line":2,"column":12},"end":{"line":2,"column":21}},"2":{"start":{"line":3,"column":13},"end":{"line":3,"column":28}},"3":{"start":{"line":4,"column":19},"end":{"line":4,"column":41}},"4":{"start":{"line":5,"column":22},"end":{"line":5,"column":58}},"5":{"start":{"line":6,"column":21},"end":{"line":6,"column":56}},"6":{"start":{"line":7,"column":23},"end":{"line":7,"column":60}},"7":{"start":{"line":9,"column":0},"end":{"line":9,"column":62}},"8":{"start":{"line":10,"column":0},"end":{"line":10,"column":27}},"9":{"start":{"line":13,"column":0},"end":{"line":13,"column":36}},"10":{"start":{"line":14,"column":0},"end":{"line":14,"column":34}},"11":{"start":{"line":15,"column":0},"end":{"line":15,"column":42}},"12":{"start":{"line":18,"column":0},"end":{"line":18,"column":21}}},"fnMap":{},"branchMap":{},"s":{"0":3,"1":3,"2":3,"3":3,"4":3,"5":3,"6":3,"7":3,"8":3,"9":3,"10":3,"11":3,"12":3},"f":{},"b":{},"_coverageSchema":"1a1c01bbd47fc00a2c39e90264f33305004495a9","hash":"d8e47afaff391821372090faee76345654403a78"}
,"/Users/mikkatully/Desktop/work/howlerFEC/altitude-apparel/server/controllers/products.js": {"path":"/Users/mikkatully/Desktop/work/howlerFEC/altitude-apparel/server/controllers/products.js","statementMap":{"0":{"start":{"line":2,"column":12},"end":{"line":2,"column":54}},"1":{"start":{"line":4,"column":0},"end":{"line":68,"column":2}},"2":{"start":{"line":6,"column":4},"end":{"line":12,"column":7}},"3":{"start":{"line":7,"column":6},"end":{"line":11,"column":7}},"4":{"start":{"line":8,"column":8},"end":{"line":8,"column":22}},"5":{"start":{"line":10,"column":8},"end":{"line":10,"column":25}},"6":{"start":{"line":16,"column":15},"end":{"line":16,"column":36}},"7":{"start":{"line":17,"column":4},"end":{"line":24,"column":7}},"8":{"start":{"line":18,"column":6},"end":{"line":23,"column":7}},"9":{"start":{"line":19,"column":8},"end":{"line":19,"column":67}},"10":{"start":{"line":20,"column":8},"end":{"line":20,"column":22}},"11":{"start":{"line":22,"column":8},"end":{"line":22,"column":25}},"12":{"start":{"line":28,"column":15},"end":{"line":28,"column":36}},"13":{"start":{"line":29,"column":20},"end":{"line":29,"column":39}},"14":{"start":{"line":30,"column":4},"end":{"line":38,"column":11}},"15":{"start":{"line":32,"column":10},"end":{"line":37,"column":11}},"16":{"start":{"line":33,"column":12},"end":{"line":33,"column":71}},"17":{"start":{"line":34,"column":12},"end":{"line":34,"column":26}},"18":{"start":{"line":36,"column":12},"end":{"line":36,"column":29}},"19":{"start":{"line":42,"column":15},"end":{"line":42,"column":36}},"20":{"start":{"line":43,"column":4},"end":{"line":51,"column":11}},"21":{"start":{"line":45,"column":10},"end":{"line":50,"column":11}},"22":{"start":{"line":46,"column":12},"end":{"line":46,"column":51}},"23":{"start":{"line":47,"column":12},"end":{"line":47,"column":26}},"24":{"start":{"line":49,"column":12},"end":{"line":49,"column":29}},"25":{"start":{"line":55,"column":15},"end":{"line":55,"column":36}},"26":{"start":{"line":56,"column":4},"end":{"line":64,"column":11}},"27":{"start":{"line":58,"column":10},"end":{"line":63,"column":11}},"28":{"start":{"line":59,"column":12},"end":{"line":59,"column":51}},"29":{"start":{"line":60,"column":12},"end":{"line":60,"column":26}},"30":{"start":{"line":62,"column":12},"end":{"line":62,"column":29}}},"fnMap":{"0":{"name":"(anonymous_0)","decl":{"start":{"line":5,"column":10},"end":{"line":5,"column":11}},"loc":{"start":{"line":5,"column":29},"end":{"line":13,"column":3}},"line":5},"1":{"name":"(anonymous_1)","decl":{"start":{"line":6,"column":43},"end":{"line":6,"column":44}},"loc":{"start":{"line":6,"column":60},"end":{"line":12,"column":5}},"line":6},"2":{"name":"(anonymous_2)","decl":{"start":{"line":15,"column":10},"end":{"line":15,"column":11}},"loc":{"start":{"line":15,"column":29},"end":{"line":25,"column":3}},"line":15},"3":{"name":"(anonymous_3)","decl":{"start":{"line":17,"column":49},"end":{"line":17,"column":50}},"loc":{"start":{"line":17,"column":66},"end":{"line":24,"column":5}},"line":17},"4":{"name":"(anonymous_4)","decl":{"start":{"line":27,"column":15},"end":{"line":27,"column":16}},"loc":{"start":{"line":27,"column":34},"end":{"line":39,"column":3}},"line":27},"5":{"name":"(anonymous_5)","decl":{"start":{"line":31,"column":15},"end":{"line":31,"column":16}},"loc":{"start":{"line":31,"column":32},"end":{"line":38,"column":9}},"line":31},"6":{"name":"(anonymous_6)","decl":{"start":{"line":41,"column":13},"end":{"line":41,"column":14}},"loc":{"start":{"line":41,"column":32},"end":{"line":52,"column":3}},"line":41},"7":{"name":"(anonymous_7)","decl":{"start":{"line":44,"column":15},"end":{"line":44,"column":16}},"loc":{"start":{"line":44,"column":32},"end":{"line":51,"column":9}},"line":44},"8":{"name":"(anonymous_8)","decl":{"start":{"line":54,"column":14},"end":{"line":54,"column":15}},"loc":{"start":{"line":54,"column":33},"end":{"line":65,"column":3}},"line":54},"9":{"name":"(anonymous_9)","decl":{"start":{"line":57,"column":15},"end":{"line":57,"column":16}},"loc":{"start":{"line":57,"column":32},"end":{"line":64,"column":9}},"line":57}},"branchMap":{"0":{"loc":{"start":{"line":7,"column":6},"end":{"line":11,"column":7}},"type":"if","locations":[{"start":{"line":7,"column":6},"end":{"line":11,"column":7}},{"start":{"line":7,"column":6},"end":{"line":11,"column":7}}],"line":7},"1":{"loc":{"start":{"line":18,"column":6},"end":{"line":23,"column":7}},"type":"if","locations":[{"start":{"line":18,"column":6},"end":{"line":23,"column":7}},{"start":{"line":18,"column":6},"end":{"line":23,"column":7}}],"line":18},"2":{"loc":{"start":{"line":32,"column":10},"end":{"line":37,"column":11}},"type":"if","locations":[{"start":{"line":32,"column":10},"end":{"line":37,"column":11}},{"start":{"line":32,"column":10},"end":{"line":37,"column":11}}],"line":32},"3":{"loc":{"start":{"line":45,"column":10},"end":{"line":50,"column":11}},"type":"if","locations":[{"start":{"line":45,"column":10},"end":{"line":50,"column":11}},{"start":{"line":45,"column":10},"end":{"line":50,"column":11}}],"line":45},"4":{"loc":{"start":{"line":58,"column":10},"end":{"line":63,"column":11}},"type":"if","locations":[{"start":{"line":58,"column":10},"end":{"line":63,"column":11}},{"start":{"line":58,"column":10},"end":{"line":63,"column":11}}],"line":58}},"s":{"0":3,"1":3,"2":1,"3":1,"4":0,"5":1,"6":1,"7":1,"8":1,"9":0,"10":0,"11":1,"12":0,"13":0,"14":0,"15":0,"16":0,"17":0,"18":0,"19":1,"20":1,"21":1,"22":0,"23":0,"24":1,"25":0,"26":0,"27":0,"28":0,"29":0,"30":0},"f":{"0":1,"1":1,"2":1,"3":1,"4":0,"5":0,"6":1,"7":1,"8":0,"9":0},"b":{"0":[0,1],"1":[0,1],"2":[0,0],"3":[0,1],"4":[0,0]},"_coverageSchema":"1a1c01bbd47fc00a2c39e90264f33305004495a9","hash":"6241b0a13f381a1aab697c5bd99a4171b7057e9f"}
,"/Users/mikkatully/Desktop/work/howlerFEC/altitude-apparel/server/controllers/questions.js": {"path":"/Users/mikkatully/Desktop/work/howlerFEC/altitude-apparel/server/controllers/questions.js","statementMap":{"0":{"start":{"line":1,"column":12},"end":{"line":1,"column":54}},"1":{"start":{"line":3,"column":0},"end":{"line":32,"column":2}},"2":{"start":{"line":5,"column":15},"end":{"line":5,"column":36}},"3":{"start":{"line":6,"column":4},"end":{"line":14,"column":11}},"4":{"start":{"line":8,"column":10},"end":{"line":13,"column":11}},"5":{"start":{"line":9,"column":12},"end":{"line":9,"column":71}},"6":{"start":{"line":10,"column":12},"end":{"line":10,"column":26}},"7":{"start":{"line":12,"column":12},"end":{"line":12,"column":29}},"8":{"start":{"line":18,"column":23},"end":{"line":18,"column":45}},"9":{"start":{"line":19,"column":4},"end":{"line":27,"column":11}},"10":{"start":{"line":21,"column":10},"end":{"line":26,"column":11}},"11":{"start":{"line":22,"column":12},"end":{"line":22,"column":72}},"12":{"start":{"line":23,"column":12},"end":{"line":23,"column":26}},"13":{"start":{"line":25,"column":12},"end":{"line":25,"column":29}}},"fnMap":{"0":{"name":"(anonymous_0)","decl":{"start":{"line":4,"column":10},"end":{"line":4,"column":11}},"loc":{"start":{"line":4,"column":29},"end":{"line":15,"column":3}},"line":4},"1":{"name":"(anonymous_1)","decl":{"start":{"line":7,"column":8},"end":{"line":7,"column":9}},"loc":{"start":{"line":7,"column":25},"end":{"line":14,"column":9}},"line":7},"2":{"name":"(anonymous_2)","decl":{"start":{"line":17,"column":14},"end":{"line":17,"column":15}},"loc":{"start":{"line":17,"column":33},"end":{"line":28,"column":3}},"line":17},"3":{"name":"(anonymous_3)","decl":{"start":{"line":20,"column":15},"end":{"line":20,"column":16}},"loc":{"start":{"line":20,"column":32},"end":{"line":27,"column":9}},"line":20}},"branchMap":{"0":{"loc":{"start":{"line":8,"column":10},"end":{"line":13,"column":11}},"type":"if","locations":[{"start":{"line":8,"column":10},"end":{"line":13,"column":11}},{"start":{"line":8,"column":10},"end":{"line":13,"column":11}}],"line":8},"1":{"loc":{"start":{"line":21,"column":10},"end":{"line":26,"column":11}},"type":"if","locations":[{"start":{"line":21,"column":10},"end":{"line":26,"column":11}},{"start":{"line":21,"column":10},"end":{"line":26,"column":11}}],"line":21}},"s":{"0":3,"1":3,"2":1,"3":1,"4":1,"5":0,"6":0,"7":1,"8":1,"9":1,"10":1,"11":0,"12":0,"13":1},"f":{"0":1,"1":1,"2":1,"3":1},"b":{"0":[0,1],"1":[0,1]},"_coverageSchema":"1a1c01bbd47fc00a2c39e90264f33305004495a9","hash":"8e9c667a32ba13a6ee327ce1ca35716c171178e1"}
,"/Users/mikkatully/Desktop/work/howlerFEC/altitude-apparel/server/controllers/reviews.js": {"path":"/Users/mikkatully/Desktop/work/howlerFEC/altitude-apparel/server/controllers/reviews.js","statementMap":{"0":{"start":{"line":1,"column":12},"end":{"line":1,"column":54}},"1":{"start":{"line":3,"column":0},"end":{"line":42,"column":2}},"2":{"start":{"line":5,"column":15},"end":{"line":5,"column":36}},"3":{"start":{"line":6,"column":4},"end":{"line":13,"column":7}},"4":{"start":{"line":7,"column":6},"end":{"line":12,"column":7}},"5":{"start":{"line":8,"column":8},"end":{"line":8,"column":64}},"6":{"start":{"line":9,"column":8},"end":{"line":9,"column":22}},"7":{"start":{"line":11,"column":8},"end":{"line":11,"column":25}},"8":{"start":{"line":17,"column":15},"end":{"line":17,"column":36}},"9":{"start":{"line":18,"column":4},"end":{"line":26,"column":11}},"10":{"start":{"line":20,"column":10},"end":{"line":25,"column":11}},"11":{"start":{"line":21,"column":12},"end":{"line":21,"column":69}},"12":{"start":{"line":22,"column":12},"end":{"line":22,"column":26}},"13":{"start":{"line":24,"column":12},"end":{"line":24,"column":29}},"14":{"start":{"line":30,"column":4},"end":{"line":30,"column":54}},"15":{"start":{"line":31,"column":4},"end":{"line":31,"column":44}},"16":{"start":{"line":32,"column":4},"end":{"line":40,"column":21}},"17":{"start":{"line":34,"column":10},"end":{"line":39,"column":11}},"18":{"start":{"line":35,"column":12},"end":{"line":35,"column":64}},"19":{"start":{"line":36,"column":12},"end":{"line":36,"column":26}},"20":{"start":{"line":38,"column":12},"end":{"line":38,"column":29}}},"fnMap":{"0":{"name":"(anonymous_0)","decl":{"start":{"line":4,"column":10},"end":{"line":4,"column":11}},"loc":{"start":{"line":4,"column":29},"end":{"line":14,"column":3}},"line":4},"1":{"name":"(anonymous_1)","decl":{"start":{"line":6,"column":60},"end":{"line":6,"column":61}},"loc":{"start":{"line":6,"column":77},"end":{"line":13,"column":5}},"line":6},"2":{"name":"(anonymous_2)","decl":{"start":{"line":16,"column":11},"end":{"line":16,"column":12}},"loc":{"start":{"line":16,"column":30},"end":{"line":27,"column":3}},"line":16},"3":{"name":"(anonymous_3)","decl":{"start":{"line":19,"column":8},"end":{"line":19,"column":9}},"loc":{"start":{"line":19,"column":25},"end":{"line":26,"column":9}},"line":19},"4":{"name":"(anonymous_4)","decl":{"start":{"line":29,"column":14},"end":{"line":29,"column":15}},"loc":{"start":{"line":29,"column":33},"end":{"line":41,"column":3}},"line":29},"5":{"name":"(anonymous_5)","decl":{"start":{"line":33,"column":8},"end":{"line":33,"column":9}},"loc":{"start":{"line":33,"column":25},"end":{"line":40,"column":9}},"line":33}},"branchMap":{"0":{"loc":{"start":{"line":7,"column":6},"end":{"line":12,"column":7}},"type":"if","locations":[{"start":{"line":7,"column":6},"end":{"line":12,"column":7}},{"start":{"line":7,"column":6},"end":{"line":12,"column":7}}],"line":7},"1":{"loc":{"start":{"line":20,"column":10},"end":{"line":25,"column":11}},"type":"if","locations":[{"start":{"line":20,"column":10},"end":{"line":25,"column":11}},{"start":{"line":20,"column":10},"end":{"line":25,"column":11}}],"line":20},"2":{"loc":{"start":{"line":34,"column":10},"end":{"line":39,"column":11}},"type":"if","locations":[{"start":{"line":34,"column":10},"end":{"line":39,"column":11}},{"start":{"line":34,"column":10},"end":{"line":39,"column":11}}],"line":34}},"s":{"0":3,"1":3,"2":1,"3":1,"4":1,"5":0,"6":0,"7":1,"8":0,"9":0,"10":0,"11":0,"12":0,"13":0,"14":0,"15":0,"16":0,"17":0,"18":0,"19":0,"20":0},"f":{"0":1,"1":1,"2":0,"3":0,"4":0,"5":0},"b":{"0":[0,1],"1":[0,0],"2":[0,0]},"_coverageSchema":"1a1c01bbd47fc00a2c39e90264f33305004495a9","hash":"12db9b8537f986e8987468416421000db4082af8"}
,"/Users/mikkatully/Desktop/work/howlerFEC/altitude-apparel/server/routes/productRouter.js": {"path":"/Users/mikkatully/Desktop/work/howlerFEC/altitude-apparel/server/routes/productRouter.js","statementMap":{"0":{"start":{"line":2,"column":17},"end":{"line":2,"column":54}},"1":{"start":{"line":3,"column":16},"end":{"line":3,"column":34}},"2":{"start":{"line":5,"column":15},"end":{"line":5,"column":31}},"3":{"start":{"line":8,"column":0},"end":{"line":8,"column":33}},"4":{"start":{"line":10,"column":0},"end":{"line":10,"column":44}},"5":{"start":{"line":12,"column":0},"end":{"line":12,"column":54}},"6":{"start":{"line":14,"column":0},"end":{"line":14,"column":74}},"7":{"start":{"line":16,"column":0},"end":{"line":16,"column":24}}},"fnMap":{},"branchMap":{},"s":{"0":3,"1":3,"2":3,"3":3,"4":3,"5":3,"6":3,"7":3},"f":{},"b":{},"_coverageSchema":"1a1c01bbd47fc00a2c39e90264f33305004495a9","hash":"aec67ede89cb9a09de718eeeacb6ba07d95114b1"}
,"/Users/mikkatully/Desktop/work/howlerFEC/altitude-apparel/server/routes/questionRouter.js": {"path":"/Users/mikkatully/Desktop/work/howlerFEC/altitude-apparel/server/routes/questionRouter.js","statementMap":{"0":{"start":{"line":1,"column":16},"end":{"line":1,"column":54}},"1":{"start":{"line":2,"column":16},"end":{"line":2,"column":34}},"2":{"start":{"line":4,"column":23},"end":{"line":4,"column":39}},"3":{"start":{"line":7,"column":0},"end":{"line":7,"column":51}},"4":{"start":{"line":9,"column":0},"end":{"line":9,"column":64}},"5":{"start":{"line":11,"column":0},"end":{"line":11,"column":32}}},"fnMap":{},"branchMap":{},"s":{"0":3,"1":3,"2":3,"3":3,"4":3,"5":3},"f":{},"b":{},"_coverageSchema":"1a1c01bbd47fc00a2c39e90264f33305004495a9","hash":"2c7536dc68191b58df154cc9434bf3bf5288df71"}
,"/Users/mikkatully/Desktop/work/howlerFEC/altitude-apparel/server/routes/reviewRouter.js": {"path":"/Users/mikkatully/Desktop/work/howlerFEC/altitude-apparel/server/routes/reviewRouter.js","statementMap":{"0":{"start":{"line":1,"column":16},"end":{"line":1,"column":52}},"1":{"start":{"line":2,"column":16},"end":{"line":2,"column":34}},"2":{"start":{"line":4,"column":21},"end":{"line":4,"column":37}},"3":{"start":{"line":7,"column":0},"end":{"line":7,"column":49}},"4":{"start":{"line":9,"column":0},"end":{"line":9,"column":55}},"5":{"start":{"line":11,"column":0},"end":{"line":11,"column":43}},"6":{"start":{"line":13,"column":0},"end":{"line":13,"column":30}}},"fnMap":{},"branchMap":{},"s":{"0":3,"1":3,"2":3,"3":3,"4":3,"5":3,"6":3},"f":{},"b":{},"_coverageSchema":"1a1c01bbd47fc00a2c39e90264f33305004495a9","hash":"ba4199211eafa27bacbcc4919a40510f0e381ee8"}
}
