TN:
SF:config.js
FNF:0
FNH:0
DA:1,3
LF:1
LH:1
BRF:0
BRH:0
end_of_record
TN:
SF:__test__/productspec/productHelpers.js
FN:3,(anonymous_0)
FN:5,(anonymous_1)
FN:8,(anonymous_2)
FN:10,(anonymous_3)
FNF:4
FNH:4
FNDA:1,(anonymous_0)
FNDA:1,(anonymous_1)
FNDA:1,(anonymous_2)
FNDA:1,(anonymous_3)
DA:1,1
DA:3,1
DA:4,1
DA:5,1
DA:8,1
DA:9,1
DA:10,1
DA:13,1
LF:8
LH:8
BRF:0
BRH:0
end_of_record
TN:
SF:__test__/questionspec/qaHelpers.js
FN:3,(anonymous_0)
FN:5,(anonymous_1)
FNF:2
FNH:2
FNDA:1,(anonymous_0)
FNDA:1,(anonymous_1)
DA:1,1
DA:3,1
DA:4,1
DA:5,1
DA:8,1
LF:5
LH:5
BRF:0
BRH:0
end_of_record
TN:
SF:__test__/reviewspec/rrHelpers.js
FN:3,(anonymous_0)
FN:5,(anonymous_1)
FN:8,(anonymous_2)
FN:10,(anonymous_3)
FN:29,(anonymous_4)
FN:31,(anonymous_5)
FNF:6
FNH:6
FNDA:1,(anonymous_0)
FNDA:1,(anonymous_1)
FNDA:1,(anonymous_2)
FNDA:1,(anonymous_3)
FNDA:1,(anonymous_4)
FNDA:1,(anonymous_5)
DA:1,1
DA:3,1
DA:4,1
DA:5,1
DA:8,1
DA:9,1
DA:10,1
DA:13,1
DA:29,1
DA:30,1
DA:31,1
DA:35,1
LF:12
LH:12
BRF:0
BRH:0
end_of_record
TN:
SF:helpers/sendAPIRequest.js
FN:4,(anonymous_0)
FN:18,(anonymous_1)
FN:21,(anonymous_2)
FNF:3
FNH:2
FNDA:8,(anonymous_0)
FNDA:8,(anonymous_1)
FNDA:0,(anonymous_2)
DA:1,3
DA:2,3
DA:4,3
DA:6,8
DA:17,8
DA:19,8
DA:22,0
DA:26,3
LF:8
LH:7
BRF:0
BRH:0
end_of_record
TN:
SF:server/server.js
FNF:0
FNH:0
DA:1,3
DA:2,3
DA:3,3
DA:4,3
DA:5,3
DA:6,3
DA:7,3
DA:9,3
DA:10,3
DA:13,3
DA:14,3
DA:15,3
DA:18,3
LF:13
LH:13
BRF:0
BRH:0
end_of_record
TN:
SF:server/controllers/products.js
FN:5,(anonymous_0)
FN:6,(anonymous_1)
FN:15,(anonymous_2)
FN:17,(anonymous_3)
FN:41,(anonymous_4)
FN:44,(anonymous_5)
FNF:6
FNH:6
FNDA:1,(anonymous_0)
FNDA:1,(anonymous_1)
FNDA:1,(anonymous_2)
FNDA:1,(anonymous_3)
FNDA:1,(anonymous_4)
FNDA:1,(anonymous_5)
DA:2,3
DA:4,3
DA:6,1
DA:7,1
DA:8,0
DA:10,1
DA:16,1
DA:17,1
DA:18,1
DA:20,0
DA:22,1
DA:42,1
DA:43,1
DA:45,1
DA:47,0
DA:49,1
LF:16
LH:13
BRDA:7,0,0,0
BRDA:7,0,1,1
BRDA:18,1,0,0
BRDA:18,1,1,1
BRDA:45,2,0,0
BRDA:45,2,1,1
BRF:6
BRH:3
end_of_record
TN:
SF:server/controllers/questions.js
FN:4,(anonymous_0)
FN:7,(anonymous_1)
FN:17,(anonymous_2)
FN:20,(anonymous_3)
FNF:4
FNH:4
FNDA:1,(anonymous_0)
FNDA:1,(anonymous_1)
FNDA:1,(anonymous_2)
FNDA:1,(anonymous_3)
DA:1,3
DA:3,3
DA:5,1
DA:6,1
DA:8,1
DA:10,0
DA:12,1
DA:18,1
DA:19,1
DA:21,1
DA:23,0
DA:25,1
LF:12
LH:10
BRDA:8,0,0,0
BRDA:8,0,1,1
BRDA:21,1,0,0
BRDA:21,1,1,1
BRF:4
BRH:2
end_of_record
TN:
SF:server/controllers/reviews.js
FN:4,(anonymous_0)
FN:6,(anonymous_1)
FN:16,(anonymous_2)
FN:19,(anonymous_3)
FN:29,(anonymous_4)
FN:31,(anonymous_5)
FNF:6
FNH:6
FNDA:1,(anonymous_0)
FNDA:1,(anonymous_1)
FNDA:1,(anonymous_2)
FNDA:1,(anonymous_3)
FNDA:1,(anonymous_4)
FNDA:1,(anonymous_5)
DA:1,3
DA:3,3
DA:5,1
DA:6,1
DA:7,1
DA:9,0
DA:11,1
DA:17,1
DA:18,1
DA:20,1
DA:22,0
DA:24,1
DA:30,1
DA:32,1
DA:34,0
DA:36,1
LF:16
LH:13
BRDA:7,0,0,0
BRDA:7,0,1,1
BRDA:20,1,0,0
BRDA:20,1,1,1
BRDA:32,2,0,0
BRDA:32,2,1,1
BRF:6
BRH:3
end_of_record
TN:
SF:server/routes/productRouter.js
FNF:0
FNH:0
DA:2,3
DA:3,3
DA:5,3
DA:8,3
DA:10,3
DA:12,3
DA:16,3
LF:7
LH:7
BRF:0
BRH:0
end_of_record
TN:
SF:server/routes/questionRouter.js
FNF:0
FNH:0
DA:1,3
DA:2,3
DA:4,3
DA:7,3
DA:9,3
DA:11,3
LF:6
LH:6
BRF:0
BRH:0
end_of_record
TN:
SF:server/routes/reviewRouter.js
FNF:0
FNH:0
DA:1,3
DA:2,3
DA:4,3
DA:7,3
DA:9,3
DA:11,3
DA:13,3
LF:7
LH:7
BRF:0
BRH:0
end_of_record
